<?xml version="1.0" encoding="UTF-8"?>
<testsuite xmlns:xsi="http://www.w3.org/2001/XMLSchema-instance" xsi:noNamespaceSchemaLocation="https://maven.apache.org/surefire/maven-surefire-plugin/xsd/surefire-test-report.xsd" version="3.0.2" name="com.dentalclinic.dentalclinic.DentalClinicApplicationTests" time="1.858" tests="1" errors="0" skipped="0" failures="0">
  <properties>
    <property name="java.specification.version" value="24"/>
    <property name="sun.jnu.encoding" value="UTF-8"/>
    <property name="java.class.path" value="/Users/ziyifelixwang/Documents/GitHub/CS5200WangZZangG/Backend/target/test-classes:/Users/ziyifelixwang/Documents/GitHub/CS5200WangZZangG/Backend/target/classes:/Users/ziyifelixwang/.m2/repository/org/springframework/boot/spring-boot-starter-data-jdbc/3.4.4/spring-boot-starter-data-jdbc-3.4.4.jar:/Users/ziyifelixwang/.m2/repository/org/springframework/boot/spring-boot-starter-jdbc/3.4.4/spring-boot-starter-jdbc-3.4.4.jar:/Users/ziyifelixwang/.m2/repository/com/zaxxer/HikariCP/5.1.0/HikariCP-5.1.0.jar:/Users/ziyifelixwang/.m2/repository/org/springframework/spring-jdbc/6.2.5/spring-jdbc-6.2.5.jar:/Users/ziyifelixwang/.m2/repository/org/springframework/data/spring-data-jdbc/3.4.4/spring-data-jdbc-3.4.4.jar:/Users/ziyifelixwang/.m2/repository/org/springframework/data/spring-data-relational/3.4.4/spring-data-relational-3.4.4.jar:/Users/ziyifelixwang/.m2/repository/org/springframework/data/spring-data-commons/3.4.4/spring-data-commons-3.4.4.jar:/Users/ziyifelixwang/.m2/repository/org/springframework/spring-tx/6.2.5/spring-tx-6.2.5.jar:/Users/ziyifelixwang/.m2/repository/org/springframework/spring-context/6.2.5/spring-context-6.2.5.jar:/Users/ziyifelixwang/.m2/repository/org/springframework/spring-beans/6.2.5/spring-beans-6.2.5.jar:/Users/ziyifelixwang/.m2/repository/org/slf4j/slf4j-api/2.0.17/slf4j-api-2.0.17.jar:/Users/ziyifelixwang/.m2/repository/org/springframework/boot/spring-boot-starter-data-jpa/3.4.4/spring-boot-starter-data-jpa-3.4.4.jar:/Users/ziyifelixwang/.m2/repository/org/springframework/boot/spring-boot-starter/3.4.4/spring-boot-starter-3.4.4.jar:/Users/ziyifelixwang/.m2/repository/org/springframework/boot/spring-boot-starter-logging/3.4.4/spring-boot-starter-logging-3.4.4.jar:/Users/ziyifelixwang/.m2/repository/ch/qos/logback/logback-classic/1.5.18/logback-classic-1.5.18.jar:/Users/ziyifelixwang/.m2/repository/ch/qos/logback/logback-core/1.5.18/logback-core-1.5.18.jar:/Users/ziyifelixwang/.m2/repository/org/apache/logging/log4j/log4j-to-slf4j/2.24.3/log4j-to-slf4j-2.24.3.jar:/Users/ziyifelixwang/.m2/repository/org/apache/logging/log4j/log4j-api/2.24.3/log4j-api-2.24.3.jar:/Users/ziyifelixwang/.m2/repository/org/slf4j/jul-to-slf4j/2.0.17/jul-to-slf4j-2.0.17.jar:/Users/ziyifelixwang/.m2/repository/jakarta/annotation/jakarta.annotation-api/2.1.1/jakarta.annotation-api-2.1.1.jar:/Users/ziyifelixwang/.m2/repository/org/yaml/snakeyaml/2.3/snakeyaml-2.3.jar:/Users/ziyifelixwang/.m2/repository/org/hibernate/orm/hibernate-core/6.6.11.Final/hibernate-core-6.6.11.Final.jar:/Users/ziyifelixwang/.m2/repository/jakarta/persistence/jakarta.persistence-api/3.1.0/jakarta.persistence-api-3.1.0.jar:/Users/ziyifelixwang/.m2/repository/jakarta/transaction/jakarta.transaction-api/2.0.1/jakarta.transaction-api-2.0.1.jar:/Users/ziyifelixwang/.m2/repository/org/jboss/logging/jboss-logging/3.6.1.Final/jboss-logging-3.6.1.Final.jar:/Users/ziyifelixwang/.m2/repository/org/hibernate/common/hibernate-commons-annotations/7.0.3.Final/hibernate-commons-annotations-7.0.3.Final.jar:/Users/ziyifelixwang/.m2/repository/io/smallrye/jandex/3.2.0/jandex-3.2.0.jar:/Users/ziyifelixwang/.m2/repository/com/fasterxml/classmate/1.7.0/classmate-1.7.0.jar:/Users/ziyifelixwang/.m2/repository/net/bytebuddy/byte-buddy/1.15.11/byte-buddy-1.15.11.jar:/Users/ziyifelixwang/.m2/repository/org/glassfish/jaxb/jaxb-runtime/4.0.5/jaxb-runtime-4.0.5.jar:/Users/ziyifelixwang/.m2/repository/org/glassfish/jaxb/jaxb-core/4.0.5/jaxb-core-4.0.5.jar:/Users/ziyifelixwang/.m2/repository/org/glassfish/jaxb/txw2/4.0.5/txw2-4.0.5.jar:/Users/ziyifelixwang/.m2/repository/com/sun/istack/istack-commons-runtime/4.1.2/istack-commons-runtime-4.1.2.jar:/Users/ziyifelixwang/.m2/repository/jakarta/inject/jakarta.inject-api/2.0.1/jakarta.inject-api-2.0.1.jar:/Users/ziyifelixwang/.m2/repository/org/antlr/antlr4-runtime/4.13.0/antlr4-runtime-4.13.0.jar:/Users/ziyifelixwang/.m2/repository/org/springframework/data/spring-data-jpa/3.4.4/spring-data-jpa-3.4.4.jar:/Users/ziyifelixwang/.m2/repository/org/springframework/spring-orm/6.2.5/spring-orm-6.2.5.jar:/Users/ziyifelixwang/.m2/repository/org/springframework/spring-aop/6.2.5/spring-aop-6.2.5.jar:/Users/ziyifelixwang/.m2/repository/org/springframework/spring-aspects/6.2.5/spring-aspects-6.2.5.jar:/Users/ziyifelixwang/.m2/repository/org/aspectj/aspectjweaver/1.9.23/aspectjweaver-1.9.23.jar:/Users/ziyifelixwang/.m2/repository/org/springframework/boot/spring-boot-starter-validation/3.4.4/spring-boot-starter-validation-3.4.4.jar:/Users/ziyifelixwang/.m2/repository/org/apache/tomcat/embed/tomcat-embed-el/10.1.39/tomcat-embed-el-10.1.39.jar:/Users/ziyifelixwang/.m2/repository/org/hibernate/validator/hibernate-validator/8.0.2.Final/hibernate-validator-8.0.2.Final.jar:/Users/ziyifelixwang/.m2/repository/jakarta/validation/jakarta.validation-api/3.0.2/jakarta.validation-api-3.0.2.jar:/Users/ziyifelixwang/.m2/repository/org/springframework/boot/spring-boot-starter-web/3.4.4/spring-boot-starter-web-3.4.4.jar:/Users/ziyifelixwang/.m2/repository/org/springframework/boot/spring-boot-starter-json/3.4.4/spring-boot-starter-json-3.4.4.jar:/Users/ziyifelixwang/.m2/repository/com/fasterxml/jackson/core/jackson-databind/2.18.3/jackson-databind-2.18.3.jar:/Users/ziyifelixwang/.m2/repository/com/fasterxml/jackson/core/jackson-annotations/2.18.3/jackson-annotations-2.18.3.jar:/Users/ziyifelixwang/.m2/repository/com/fasterxml/jackson/core/jackson-core/2.18.3/jackson-core-2.18.3.jar:/Users/ziyifelixwang/.m2/repository/com/fasterxml/jackson/datatype/jackson-datatype-jdk8/2.18.3/jackson-datatype-jdk8-2.18.3.jar:/Users/ziyifelixwang/.m2/repository/com/fasterxml/jackson/datatype/jackson-datatype-jsr310/2.18.3/jackson-datatype-jsr310-2.18.3.jar:/Users/ziyifelixwang/.m2/repository/com/fasterxml/jackson/module/jackson-module-parameter-names/2.18.3/jackson-module-parameter-names-2.18.3.jar:/Users/ziyifelixwang/.m2/repository/org/springframework/boot/spring-boot-starter-tomcat/3.4.4/spring-boot-starter-tomcat-3.4.4.jar:/Users/ziyifelixwang/.m2/repository/org/apache/tomcat/embed/tomcat-embed-core/10.1.39/tomcat-embed-core-10.1.39.jar:/Users/ziyifelixwang/.m2/repository/org/apache/tomcat/embed/tomcat-embed-websocket/10.1.39/tomcat-embed-websocket-10.1.39.jar:/Users/ziyifelixwang/.m2/repository/org/springframework/spring-web/6.2.5/spring-web-6.2.5.jar:/Users/ziyifelixwang/.m2/repository/io/micrometer/micrometer-observation/1.14.5/micrometer-observation-1.14.5.jar:/Users/ziyifelixwang/.m2/repository/io/micrometer/micrometer-commons/1.14.5/micrometer-commons-1.14.5.jar:/Users/ziyifelixwang/.m2/repository/org/springframework/spring-webmvc/6.2.5/spring-webmvc-6.2.5.jar:/Users/ziyifelixwang/.m2/repository/org/springframework/spring-expression/6.2.5/spring-expression-6.2.5.jar:/Users/ziyifelixwang/.m2/repository/org/springframework/boot/spring-boot-starter-web-services/3.4.4/spring-boot-starter-web-services-3.4.4.jar:/Users/ziyifelixwang/.m2/repository/com/sun/xml/messaging/saaj/saaj-impl/3.0.4/saaj-impl-3.0.4.jar:/Users/ziyifelixwang/.m2/repository/jakarta/xml/soap/jakarta.xml.soap-api/3.0.2/jakarta.xml.soap-api-3.0.2.jar:/Users/ziyifelixwang/.m2/repository/org/jvnet/staxex/stax-ex/2.1.0/stax-ex-2.1.0.jar:/Users/ziyifelixwang/.m2/repository/jakarta/activation/jakarta.activation-api/2.1.3/jakarta.activation-api-2.1.3.jar:/Users/ziyifelixwang/.m2/repository/org/eclipse/angus/angus-activation/2.0.2/angus-activation-2.0.2.jar:/Users/ziyifelixwang/.m2/repository/jakarta/xml/ws/jakarta.xml.ws-api/4.0.2/jakarta.xml.ws-api-4.0.2.jar:/Users/ziyifelixwang/.m2/repository/org/springframework/spring-oxm/6.2.5/spring-oxm-6.2.5.jar:/Users/ziyifelixwang/.m2/repository/org/springframework/ws/spring-ws-core/4.0.12/spring-ws-core-4.0.12.jar:/Users/ziyifelixwang/.m2/repository/org/springframework/ws/spring-xml/4.0.12/spring-xml-4.0.12.jar:/Users/ziyifelixwang/.m2/repository/org/springframework/boot/spring-boot-devtools/3.4.4/spring-boot-devtools-3.4.4.jar:/Users/ziyifelixwang/.m2/repository/org/springframework/boot/spring-boot/3.4.4/spring-boot-3.4.4.jar:/Users/ziyifelixwang/.m2/repository/org/springframework/boot/spring-boot-autoconfigure/3.4.4/spring-boot-autoconfigure-3.4.4.jar:/Users/ziyifelixwang/.m2/repository/com/mysql/mysql-connector-j/9.1.0/mysql-connector-j-9.1.0.jar:/Users/ziyifelixwang/.m2/repository/org/springframework/boot/spring-boot-starter-test/3.4.4/spring-boot-starter-test-3.4.4.jar:/Users/ziyifelixwang/.m2/repository/org/springframework/boot/spring-boot-test/3.4.4/spring-boot-test-3.4.4.jar:/Users/ziyifelixwang/.m2/repository/org/springframework/boot/spring-boot-test-autoconfigure/3.4.4/spring-boot-test-autoconfigure-3.4.4.jar:/Users/ziyifelixwang/.m2/repository/com/jayway/jsonpath/json-path/2.9.0/json-path-2.9.0.jar:/Users/ziyifelixwang/.m2/repository/jakarta/xml/bind/jakarta.xml.bind-api/4.0.2/jakarta.xml.bind-api-4.0.2.jar:/Users/ziyifelixwang/.m2/repository/net/minidev/json-smart/2.5.2/json-smart-2.5.2.jar:/Users/ziyifelixwang/.m2/repository/net/minidev/accessors-smart/2.5.2/accessors-smart-2.5.2.jar:/Users/ziyifelixwang/.m2/repository/org/ow2/asm/asm/9.7.1/asm-9.7.1.jar:/Users/ziyifelixwang/.m2/repository/org/assertj/assertj-core/3.26.3/assertj-core-3.26.3.jar:/Users/ziyifelixwang/.m2/repository/org/awaitility/awaitility/4.2.2/awaitility-4.2.2.jar:/Users/ziyifelixwang/.m2/repository/org/hamcrest/hamcrest/2.2/hamcrest-2.2.jar:/Users/ziyifelixwang/.m2/repository/org/junit/jupiter/junit-jupiter/5.11.4/junit-jupiter-5.11.4.jar:/Users/ziyifelixwang/.m2/repository/org/junit/jupiter/junit-jupiter-api/5.11.4/junit-jupiter-api-5.11.4.jar:/Users/ziyifelixwang/.m2/repository/org/opentest4j/opentest4j/1.3.0/opentest4j-1.3.0.jar:/Users/ziyifelixwang/.m2/repository/org/junit/platform/junit-platform-commons/1.11.4/junit-platform-commons-1.11.4.jar:/Users/ziyifelixwang/.m2/repository/org/apiguardian/apiguardian-api/1.1.2/apiguardian-api-1.1.2.jar:/Users/ziyifelixwang/.m2/repository/org/junit/jupiter/junit-jupiter-params/5.11.4/junit-jupiter-params-5.11.4.jar:/Users/ziyifelixwang/.m2/repository/org/junit/jupiter/junit-jupiter-engine/5.11.4/junit-jupiter-engine-5.11.4.jar:/Users/ziyifelixwang/.m2/repository/org/junit/platform/junit-platform-engine/1.11.4/junit-platform-engine-1.11.4.jar:/Users/ziyifelixwang/.m2/repository/org/mockito/mockito-core/5.14.2/mockito-core-5.14.2.jar:/Users/ziyifelixwang/.m2/repository/net/bytebuddy/byte-buddy-agent/1.15.11/byte-buddy-agent-1.15.11.jar:/Users/ziyifelixwang/.m2/repository/org/objenesis/objenesis/3.3/objenesis-3.3.jar:/Users/ziyifelixwang/.m2/repository/org/mockito/mockito-junit-jupiter/5.14.2/mockito-junit-jupiter-5.14.2.jar:/Users/ziyifelixwang/.m2/repository/org/skyscreamer/jsonassert/1.5.3/jsonassert-1.5.3.jar:/Users/ziyifelixwang/.m2/repository/com/vaadin/external/google/android-json/0.0.20131108.vaadin1/android-json-0.0.20131108.vaadin1.jar:/Users/ziyifelixwang/.m2/repository/org/springframework/spring-core/6.2.5/spring-core-6.2.5.jar:/Users/ziyifelixwang/.m2/repository/org/springframework/spring-jcl/6.2.5/spring-jcl-6.2.5.jar:/Users/ziyifelixwang/.m2/repository/org/springframework/spring-test/6.2.5/spring-test-6.2.5.jar:/Users/ziyifelixwang/.m2/repository/org/xmlunit/xmlunit-core/2.10.0/xmlunit-core-2.10.0.jar:/Users/ziyifelixwang/.m2/repository/io/projectreactor/reactor-test/3.7.4/reactor-test-3.7.4.jar:/Users/ziyifelixwang/.m2/repository/io/projectreactor/reactor-core/3.7.4/reactor-core-3.7.4.jar:/Users/ziyifelixwang/.m2/repository/org/reactivestreams/reactive-streams/1.0.4/reactive-streams-1.0.4.jar:"/>
    <property name="java.vm.vendor" value="Oracle Corporation"/>
    <property name="sun.arch.data.model" value="64"/>
    <property name="java.vendor.url" value="https://java.oracle.com/"/>
    <property name="user.timezone" value="America/New_York"/>
    <property name="org.jboss.logging.provider" value="slf4j"/>
    <property name="os.name" value="Mac OS X"/>
    <property name="java.vm.specification.version" value="24"/>
    <property name="APPLICATION_NAME" value="DentalClinic"/>
    <property name="sun.java.launcher" value="SUN_STANDARD"/>
    <property name="user.country" value="US"/>
    <property name="sun.boot.library.path" value="/Users/ziyifelixwang/Library/Java/JavaVirtualMachines/openjdk-24/Contents/Home/lib"/>
    <property name="sun.java.command" value="/Users/ziyifelixwang/Documents/GitHub/CS5200WangZZangG/Backend/target/surefire/surefirebooter-20250417113956864_3.jar /Users/ziyifelixwang/Documents/GitHub/CS5200WangZZangG/Backend/target/surefire 2025-04-17T11-39-56_820-jvmRun1 surefire-20250417113956864_1tmp surefire_0-20250417113956864_2tmp"/>
    <property name="http.nonProxyHosts" value="local|*.local|169.254/16|*.169.254/16"/>
    <property name="jdk.debug" value="release"/>
    <property name="surefire.test.class.path" value="/Users/ziyifelixwang/Documents/GitHub/CS5200WangZZangG/Backend/target/test-classes:/Users/ziyifelixwang/Documents/GitHub/CS5200WangZZangG/Backend/target/classes:/Users/ziyifelixwang/.m2/repository/org/springframework/boot/spring-boot-starter-data-jdbc/3.4.4/spring-boot-starter-data-jdbc-3.4.4.jar:/Users/ziyifelixwang/.m2/repository/org/springframework/boot/spring-boot-starter-jdbc/3.4.4/spring-boot-starter-jdbc-3.4.4.jar:/Users/ziyifelixwang/.m2/repository/com/zaxxer/HikariCP/5.1.0/HikariCP-5.1.0.jar:/Users/ziyifelixwang/.m2/repository/org/springframework/spring-jdbc/6.2.5/spring-jdbc-6.2.5.jar:/Users/ziyifelixwang/.m2/repository/org/springframework/data/spring-data-jdbc/3.4.4/spring-data-jdbc-3.4.4.jar:/Users/ziyifelixwang/.m2/repository/org/springframework/data/spring-data-relational/3.4.4/spring-data-relational-3.4.4.jar:/Users/ziyifelixwang/.m2/repository/org/springframework/data/spring-data-commons/3.4.4/spring-data-commons-3.4.4.jar:/Users/ziyifelixwang/.m2/repository/org/springframework/spring-tx/6.2.5/spring-tx-6.2.5.jar:/Users/ziyifelixwang/.m2/repository/org/springframework/spring-context/6.2.5/spring-context-6.2.5.jar:/Users/ziyifelixwang/.m2/repository/org/springframework/spring-beans/6.2.5/spring-beans-6.2.5.jar:/Users/ziyifelixwang/.m2/repository/org/slf4j/slf4j-api/2.0.17/slf4j-api-2.0.17.jar:/Users/ziyifelixwang/.m2/repository/org/springframework/boot/spring-boot-starter-data-jpa/3.4.4/spring-boot-starter-data-jpa-3.4.4.jar:/Users/ziyifelixwang/.m2/repository/org/springframework/boot/spring-boot-starter/3.4.4/spring-boot-starter-3.4.4.jar:/Users/ziyifelixwang/.m2/repository/org/springframework/boot/spring-boot-starter-logging/3.4.4/spring-boot-starter-logging-3.4.4.jar:/Users/ziyifelixwang/.m2/repository/ch/qos/logback/logback-classic/1.5.18/logback-classic-1.5.18.jar:/Users/ziyifelixwang/.m2/repository/ch/qos/logback/logback-core/1.5.18/logback-core-1.5.18.jar:/Users/ziyifelixwang/.m2/repository/org/apache/logging/log4j/log4j-to-slf4j/2.24.3/log4j-to-slf4j-2.24.3.jar:/Users/ziyifelixwang/.m2/repository/org/apache/logging/log4j/log4j-api/2.24.3/log4j-api-2.24.3.jar:/Users/ziyifelixwang/.m2/repository/org/slf4j/jul-to-slf4j/2.0.17/jul-to-slf4j-2.0.17.jar:/Users/ziyifelixwang/.m2/repository/jakarta/annotation/jakarta.annotation-api/2.1.1/jakarta.annotation-api-2.1.1.jar:/Users/ziyifelixwang/.m2/repository/org/yaml/snakeyaml/2.3/snakeyaml-2.3.jar:/Users/ziyifelixwang/.m2/repository/org/hibernate/orm/hibernate-core/6.6.11.Final/hibernate-core-6.6.11.Final.jar:/Users/ziyifelixwang/.m2/repository/jakarta/persistence/jakarta.persistence-api/3.1.0/jakarta.persistence-api-3.1.0.jar:/Users/ziyifelixwang/.m2/repository/jakarta/transaction/jakarta.transaction-api/2.0.1/jakarta.transaction-api-2.0.1.jar:/Users/ziyifelixwang/.m2/repository/org/jboss/logging/jboss-logging/3.6.1.Final/jboss-logging-3.6.1.Final.jar:/Users/ziyifelixwang/.m2/repository/org/hibernate/common/hibernate-commons-annotations/7.0.3.Final/hibernate-commons-annotations-7.0.3.Final.jar:/Users/ziyifelixwang/.m2/repository/io/smallrye/jandex/3.2.0/jandex-3.2.0.jar:/Users/ziyifelixwang/.m2/repository/com/fasterxml/classmate/1.7.0/classmate-1.7.0.jar:/Users/ziyifelixwang/.m2/repository/net/bytebuddy/byte-buddy/1.15.11/byte-buddy-1.15.11.jar:/Users/ziyifelixwang/.m2/repository/org/glassfish/jaxb/jaxb-runtime/4.0.5/jaxb-runtime-4.0.5.jar:/Users/ziyifelixwang/.m2/repository/org/glassfish/jaxb/jaxb-core/4.0.5/jaxb-core-4.0.5.jar:/Users/ziyifelixwang/.m2/repository/org/glassfish/jaxb/txw2/4.0.5/txw2-4.0.5.jar:/Users/ziyifelixwang/.m2/repository/com/sun/istack/istack-commons-runtime/4.1.2/istack-commons-runtime-4.1.2.jar:/Users/ziyifelixwang/.m2/repository/jakarta/inject/jakarta.inject-api/2.0.1/jakarta.inject-api-2.0.1.jar:/Users/ziyifelixwang/.m2/repository/org/antlr/antlr4-runtime/4.13.0/antlr4-runtime-4.13.0.jar:/Users/ziyifelixwang/.m2/repository/org/springframework/data/spring-data-jpa/3.4.4/spring-data-jpa-3.4.4.jar:/Users/ziyifelixwang/.m2/repository/org/springframework/spring-orm/6.2.5/spring-orm-6.2.5.jar:/Users/ziyifelixwang/.m2/repository/org/springframework/spring-aop/6.2.5/spring-aop-6.2.5.jar:/Users/ziyifelixwang/.m2/repository/org/springframework/spring-aspects/6.2.5/spring-aspects-6.2.5.jar:/Users/ziyifelixwang/.m2/repository/org/aspectj/aspectjweaver/1.9.23/aspectjweaver-1.9.23.jar:/Users/ziyifelixwang/.m2/repository/org/springframework/boot/spring-boot-starter-validation/3.4.4/spring-boot-starter-validation-3.4.4.jar:/Users/ziyifelixwang/.m2/repository/org/apache/tomcat/embed/tomcat-embed-el/10.1.39/tomcat-embed-el-10.1.39.jar:/Users/ziyifelixwang/.m2/repository/org/hibernate/validator/hibernate-validator/8.0.2.Final/hibernate-validator-8.0.2.Final.jar:/Users/ziyifelixwang/.m2/repository/jakarta/validation/jakarta.validation-api/3.0.2/jakarta.validation-api-3.0.2.jar:/Users/ziyifelixwang/.m2/repository/org/springframework/boot/spring-boot-starter-web/3.4.4/spring-boot-starter-web-3.4.4.jar:/Users/ziyifelixwang/.m2/repository/org/springframework/boot/spring-boot-starter-json/3.4.4/spring-boot-starter-json-3.4.4.jar:/Users/ziyifelixwang/.m2/repository/com/fasterxml/jackson/core/jackson-databind/2.18.3/jackson-databind-2.18.3.jar:/Users/ziyifelixwang/.m2/repository/com/fasterxml/jackson/core/jackson-annotations/2.18.3/jackson-annotations-2.18.3.jar:/Users/ziyifelixwang/.m2/repository/com/fasterxml/jackson/core/jackson-core/2.18.3/jackson-core-2.18.3.jar:/Users/ziyifelixwang/.m2/repository/com/fasterxml/jackson/datatype/jackson-datatype-jdk8/2.18.3/jackson-datatype-jdk8-2.18.3.jar:/Users/ziyifelixwang/.m2/repository/com/fasterxml/jackson/datatype/jackson-datatype-jsr310/2.18.3/jackson-datatype-jsr310-2.18.3.jar:/Users/ziyifelixwang/.m2/repository/com/fasterxml/jackson/module/jackson-module-parameter-names/2.18.3/jackson-module-parameter-names-2.18.3.jar:/Users/ziyifelixwang/.m2/repository/org/springframework/boot/spring-boot-starter-tomcat/3.4.4/spring-boot-starter-tomcat-3.4.4.jar:/Users/ziyifelixwang/.m2/repository/org/apache/tomcat/embed/tomcat-embed-core/10.1.39/tomcat-embed-core-10.1.39.jar:/Users/ziyifelixwang/.m2/repository/org/apache/tomcat/embed/tomcat-embed-websocket/10.1.39/tomcat-embed-websocket-10.1.39.jar:/Users/ziyifelixwang/.m2/repository/org/springframework/spring-web/6.2.5/spring-web-6.2.5.jar:/Users/ziyifelixwang/.m2/repository/io/micrometer/micrometer-observation/1.14.5/micrometer-observation-1.14.5.jar:/Users/ziyifelixwang/.m2/repository/io/micrometer/micrometer-commons/1.14.5/micrometer-commons-1.14.5.jar:/Users/ziyifelixwang/.m2/repository/org/springframework/spring-webmvc/6.2.5/spring-webmvc-6.2.5.jar:/Users/ziyifelixwang/.m2/repository/org/springframework/spring-expression/6.2.5/spring-expression-6.2.5.jar:/Users/ziyifelixwang/.m2/repository/org/springframework/boot/spring-boot-starter-web-services/3.4.4/spring-boot-starter-web-services-3.4.4.jar:/Users/ziyifelixwang/.m2/repository/com/sun/xml/messaging/saaj/saaj-impl/3.0.4/saaj-impl-3.0.4.jar:/Users/ziyifelixwang/.m2/repository/jakarta/xml/soap/jakarta.xml.soap-api/3.0.2/jakarta.xml.soap-api-3.0.2.jar:/Users/ziyifelixwang/.m2/repository/org/jvnet/staxex/stax-ex/2.1.0/stax-ex-2.1.0.jar:/Users/ziyifelixwang/.m2/repository/jakarta/activation/jakarta.activation-api/2.1.3/jakarta.activation-api-2.1.3.jar:/Users/ziyifelixwang/.m2/repository/org/eclipse/angus/angus-activation/2.0.2/angus-activation-2.0.2.jar:/Users/ziyifelixwang/.m2/repository/jakarta/xml/ws/jakarta.xml.ws-api/4.0.2/jakarta.xml.ws-api-4.0.2.jar:/Users/ziyifelixwang/.m2/repository/org/springframework/spring-oxm/6.2.5/spring-oxm-6.2.5.jar:/Users/ziyifelixwang/.m2/repository/org/springframework/ws/spring-ws-core/4.0.12/spring-ws-core-4.0.12.jar:/Users/ziyifelixwang/.m2/repository/org/springframework/ws/spring-xml/4.0.12/spring-xml-4.0.12.jar:/Users/ziyifelixwang/.m2/repository/org/springframework/boot/spring-boot-devtools/3.4.4/spring-boot-devtools-3.4.4.jar:/Users/ziyifelixwang/.m2/repository/org/springframework/boot/spring-boot/3.4.4/spring-boot-3.4.4.jar:/Users/ziyifelixwang/.m2/repository/org/springframework/boot/spring-boot-autoconfigure/3.4.4/spring-boot-autoconfigure-3.4.4.jar:/Users/ziyifelixwang/.m2/repository/com/mysql/mysql-connector-j/9.1.0/mysql-connector-j-9.1.0.jar:/Users/ziyifelixwang/.m2/repository/org/springframework/boot/spring-boot-starter-test/3.4.4/spring-boot-starter-test-3.4.4.jar:/Users/ziyifelixwang/.m2/repository/org/springframework/boot/spring-boot-test/3.4.4/spring-boot-test-3.4.4.jar:/Users/ziyifelixwang/.m2/repository/org/springframework/boot/spring-boot-test-autoconfigure/3.4.4/spring-boot-test-autoconfigure-3.4.4.jar:/Users/ziyifelixwang/.m2/repository/com/jayway/jsonpath/json-path/2.9.0/json-path-2.9.0.jar:/Users/ziyifelixwang/.m2/repository/jakarta/xml/bind/jakarta.xml.bind-api/4.0.2/jakarta.xml.bind-api-4.0.2.jar:/Users/ziyifelixwang/.m2/repository/net/minidev/json-smart/2.5.2/json-smart-2.5.2.jar:/Users/ziyifelixwang/.m2/repository/net/minidev/accessors-smart/2.5.2/accessors-smart-2.5.2.jar:/Users/ziyifelixwang/.m2/repository/org/ow2/asm/asm/9.7.1/asm-9.7.1.jar:/Users/ziyifelixwang/.m2/repository/org/assertj/assertj-core/3.26.3/assertj-core-3.26.3.jar:/Users/ziyifelixwang/.m2/repository/org/awaitility/awaitility/4.2.2/awaitility-4.2.2.jar:/Users/ziyifelixwang/.m2/repository/org/hamcrest/hamcrest/2.2/hamcrest-2.2.jar:/Users/ziyifelixwang/.m2/repository/org/junit/jupiter/junit-jupiter/5.11.4/junit-jupiter-5.11.4.jar:/Users/ziyifelixwang/.m2/repository/org/junit/jupiter/junit-jupiter-api/5.11.4/junit-jupiter-api-5.11.4.jar:/Users/ziyifelixwang/.m2/repository/org/opentest4j/opentest4j/1.3.0/opentest4j-1.3.0.jar:/Users/ziyifelixwang/.m2/repository/org/junit/platform/junit-platform-commons/1.11.4/junit-platform-commons-1.11.4.jar:/Users/ziyifelixwang/.m2/repository/org/apiguardian/apiguardian-api/1.1.2/apiguardian-api-1.1.2.jar:/Users/ziyifelixwang/.m2/repository/org/junit/jupiter/junit-jupiter-params/5.11.4/junit-jupiter-params-5.11.4.jar:/Users/ziyifelixwang/.m2/repository/org/junit/jupiter/junit-jupiter-engine/5.11.4/junit-jupiter-engine-5.11.4.jar:/Users/ziyifelixwang/.m2/repository/org/junit/platform/junit-platform-engine/1.11.4/junit-platform-engine-1.11.4.jar:/Users/ziyifelixwang/.m2/repository/org/mockito/mockito-core/5.14.2/mockito-core-5.14.2.jar:/Users/ziyifelixwang/.m2/repository/net/bytebuddy/byte-buddy-agent/1.15.11/byte-buddy-agent-1.15.11.jar:/Users/ziyifelixwang/.m2/repository/org/objenesis/objenesis/3.3/objenesis-3.3.jar:/Users/ziyifelixwang/.m2/repository/org/mockito/mockito-junit-jupiter/5.14.2/mockito-junit-jupiter-5.14.2.jar:/Users/ziyifelixwang/.m2/repository/org/skyscreamer/jsonassert/1.5.3/jsonassert-1.5.3.jar:/Users/ziyifelixwang/.m2/repository/com/vaadin/external/google/android-json/0.0.20131108.vaadin1/android-json-0.0.20131108.vaadin1.jar:/Users/ziyifelixwang/.m2/repository/org/springframework/spring-core/6.2.5/spring-core-6.2.5.jar:/Users/ziyifelixwang/.m2/repository/org/springframework/spring-jcl/6.2.5/spring-jcl-6.2.5.jar:/Users/ziyifelixwang/.m2/repository/org/springframework/spring-test/6.2.5/spring-test-6.2.5.jar:/Users/ziyifelixwang/.m2/repository/org/xmlunit/xmlunit-core/2.10.0/xmlunit-core-2.10.0.jar:/Users/ziyifelixwang/.m2/repository/io/projectreactor/reactor-test/3.7.4/reactor-test-3.7.4.jar:/Users/ziyifelixwang/.m2/repository/io/projectreactor/reactor-core/3.7.4/reactor-core-3.7.4.jar:/Users/ziyifelixwang/.m2/repository/org/reactivestreams/reactive-streams/1.0.4/reactive-streams-1.0.4.jar:"/>
    <property name="sun.cpu.endian" value="little"/>
    <property name="user.home" value="/Users/ziyifelixwang"/>
    <property name="user.language" value="en"/>
    <property name="java.specification.vendor" value="Oracle Corporation"/>
    <property name="java.version.date" value="2025-03-18"/>
    <property name="java.home" value="/Users/ziyifelixwang/Library/Java/JavaVirtualMachines/openjdk-24/Contents/Home"/>
    <property name="file.separator" value="/"/>
    <property name="basedir" value="/Users/ziyifelixwang/Documents/GitHub/CS5200WangZZangG/Backend"/>
    <property name="java.vm.compressedOopsMode" value="Zero based"/>
    <property name="line.separator" value="&#10;"/>
    <property name="java.vm.specification.vendor" value="Oracle Corporation"/>
    <property name="java.specification.name" value="Java Platform API Specification"/>
    <property name="FILE_LOG_CHARSET" value="UTF-8"/>
    <property name="java.awt.headless" value="true"/>
    <property name="apple.awt.application.name" value="ForkedBooter"/>
    <property name="surefire.real.class.path" value="/Users/ziyifelixwang/Documents/GitHub/CS5200WangZZangG/Backend/target/surefire/surefirebooter-20250417113956864_3.jar"/>
    <property name="sun.management.compiler" value="HotSpot 64-Bit Tiered Compilers"/>
    <property name="ftp.nonProxyHosts" value="local|*.local|169.254/16|*.169.254/16"/>
    <property name="java.runtime.version" value="24+36-3646"/>
    <property name="user.name" value="ziyifelixwang"/>
    <property name="stdout.encoding" value="UTF-8"/>
    <property name="path.separator" value=":"/>
    <property name="os.version" value="15.3.1"/>
    <property name="java.runtime.name" value="OpenJDK Runtime Environment"/>
    <property name="file.encoding" value="UTF-8"/>
    <property name="java.vm.name" value="OpenJDK 64-Bit Server VM"/>
    <property name="localRepository" value="/Users/ziyifelixwang/.m2/repository"/>
    <property name="java.vendor.url.bug" value="https://bugreport.java.com/bugreport/"/>
    <property name="java.io.tmpdir" value="/var/folders/w4/hjnnvdmj3qv_gw5x_tdnw_7w0000gn/T/"/>
    <property name="com.zaxxer.hikari.pool_number" value="1"/>
    <property name="java.version" value="24"/>
    <property name="user.dir" value="/Users/ziyifelixwang/Documents/GitHub/CS5200WangZZangG/Backend"/>
    <property name="os.arch" value="aarch64"/>
    <property name="java.vm.specification.name" value="Java Virtual Machine Specification"/>
    <property name="PID" value="98002"/>
    <property name="CONSOLE_LOG_CHARSET" value="UTF-8"/>
    <property name="native.encoding" value="UTF-8"/>
    <property name="java.library.path" value="/Users/ziyifelixwang/Library/Java/Extensions:/Library/Java/Extensions:/Network/Library/Java/Extensions:/System/Library/Java/Extensions:/usr/lib/java:."/>
    <property name="java.vm.info" value="mixed mode, sharing"/>
    <property name="stderr.encoding" value="UTF-8"/>
    <property name="java.vendor" value="Oracle Corporation"/>
    <property name="java.vm.version" value="24+36-3646"/>
    <property name="sun.io.unicode.encoding" value="UnicodeBig"/>
    <property name="socksNonProxyHosts" value="local|*.local|169.254/16|*.169.254/16"/>
    <property name="java.class.version" value="68.0"/>
    <property name="LOGGED_APPLICATION_NAME" value="[DentalClinic] "/>
  </properties>
  <testcase name="contextLoads" classname="com.dentalclinic.dentalclinic.DentalClinicApplicationTests" time="0.305">
    <system-out><![CDATA[11:39:57.174 [main] INFO org.springframework.test.context.support.AnnotationConfigContextLoaderUtils -- Could not detect default configuration classes for test class [com.dentalclinic.dentalclinic.DentalClinicApplicationTests]: DentalClinicApplicationTests does not declare any static, non-private, non-final, nested classes annotated with @Configuration.
11:39:57.221 [main] INFO org.springframework.boot.test.context.SpringBootTestContextBootstrapper -- Found @SpringBootConfiguration com.dentalclinic.DentalClinicApplication for test class com.dentalclinic.dentalclinic.DentalClinicApplicationTests
11:39:57.273 [main] INFO org.springframework.boot.devtools.restart.RestartApplicationListener -- Restart disabled due to context in which it is running

  .   ____          _            __ _ _
 /\\ / ___'_ __ _ _(_)_ __  __ _ \ \ \ \
( ( )\___ | '_ | '_| | '_ \/ _` | \ \ \ \
 \\/  ___)| |_)| | | | | || (_| |  ) ) ) )
  '  |____| .__|_| |_|_| |_\__, | / / / /
 =========|_|==============|___/=/_/_/_/

 :: Spring Boot ::                (v3.4.4)

2025-04-17T11:39:57.376-04:00  INFO 98002 --- [DentalClinic] [           main] c.d.d.DentalClinicApplicationTests       : Starting DentalClinicApplicationTests using Java 24 with PID 98002 (started by ziyifelixwang in /Users/ziyifelixwang/Documents/GitHub/CS5200WangZZangG/Backend)
2025-04-17T11:39:57.376-04:00  INFO 98002 --- [DentalClinic] [           main] c.d.d.DentalClinicApplicationTests       : No active profile set, falling back to 1 default profile: "default"
2025-04-17T11:39:57.647-04:00  INFO 98002 --- [DentalClinic] [           main] .s.d.r.c.RepositoryConfigurationDelegate : Multiple Spring Data modules found, entering strict repository configuration mode
2025-04-17T11:39:57.647-04:00  INFO 98002 --- [DentalClinic] [           main] .s.d.r.c.RepositoryConfigurationDelegate : Bootstrapping Spring Data JDBC repositories in DEFAULT mode.
2025-04-17T11:39:57.658-04:00  INFO 98002 --- [DentalClinic] [           main] .s.d.r.c.RepositoryConfigurationDelegate : Finished Spring Data repository scanning in 7 ms. Found 0 JDBC repository interfaces.
2025-04-17T11:39:57.663-04:00  INFO 98002 --- [DentalClinic] [           main] .s.d.r.c.RepositoryConfigurationDelegate : Multiple Spring Data modules found, entering strict repository configuration mode
2025-04-17T11:39:57.663-04:00  INFO 98002 --- [DentalClinic] [           main] .s.d.r.c.RepositoryConfigurationDelegate : Bootstrapping Spring Data JPA repositories in DEFAULT mode.
2025-04-17T11:39:57.672-04:00  INFO 98002 --- [DentalClinic] [           main] .s.d.r.c.RepositoryConfigurationDelegate : Finished Spring Data repository scanning in 2 ms. Found 0 JPA repository interfaces.
2025-04-17T11:39:57.818-04:00  INFO 98002 --- [DentalClinic] [           main] com.zaxxer.hikari.HikariDataSource       : HikariPool-1 - Starting...
2025-04-17T11:39:57.990-04:00  INFO 98002 --- [DentalClinic] [           main] com.zaxxer.hikari.pool.HikariPool        : HikariPool-1 - Added connection com.mysql.cj.jdbc.ConnectionImpl@563ccd31
2025-04-17T11:39:57.991-04:00  INFO 98002 --- [DentalClinic] [           main] com.zaxxer.hikari.HikariDataSource       : HikariPool-1 - Start completed.
2025-04-17T11:39:58.031-04:00  INFO 98002 --- [DentalClinic] [           main] o.hibernate.jpa.internal.util.LogHelper  : HHH000204: Processing PersistenceUnitInfo [name: default]
2025-04-17T11:39:58.046-04:00  INFO 98002 --- [DentalClinic] [           main] org.hibernate.Version                    : HHH000412: Hibernate ORM core version 6.6.11.Final
2025-04-17T11:39:58.057-04:00  INFO 98002 --- [DentalClinic] [           main] o.h.c.internal.RegionFactoryInitiator    : HHH000026: Second-level cache disabled
2025-04-17T11:39:58.146-04:00  INFO 98002 --- [DentalClinic] [           main] o.s.o.j.p.SpringPersistenceUnitInfo      : No LoadTimeWeaver setup: ignoring JPA class transformer
2025-04-17T11:39:58.180-04:00  INFO 98002 --- [DentalClinic] [           main] org.hibernate.orm.connections.pooling    : HHH10001005: Database info:
	Database JDBC URL [Connecting through datasource 'HikariDataSource (HikariPool-1)']
	Database driver: undefined/unknown
	Database version: 9.2
	Autocommit mode: undefined/unknown
	Isolation level: undefined/unknown
	Minimum pool size: undefined/unknown
	Maximum pool size: undefined/unknown
2025-04-17T11:39:58.285-04:00  INFO 98002 --- [DentalClinic] [           main] o.h.e.t.j.p.i.JtaPlatformInitiator       : HHH000489: No JTA platform available (set 'hibernate.transaction.jta.platform' to enable JTA platform integration)
2025-04-17T11:39:58.287-04:00  INFO 98002 --- [DentalClinic] [           main] j.LocalContainerEntityManagerFactoryBean : Initialized JPA EntityManagerFactory for persistence unit 'default'
2025-04-17T11:39:58.412-04:00  WARN 98002 --- [DentalClinic] [           main] JpaBaseConfiguration$JpaWebConfiguration : spring.jpa.open-in-view is enabled by default. Therefore, database queries may be performed during view rendering. Explicitly configure spring.jpa.open-in-view to disable this warning
2025-04-17T11:39:58.647-04:00  INFO 98002 --- [DentalClinic] [           main] .w.s.a.s.AnnotationActionEndpointMapping : Supporting [WS-Addressing August 2004, WS-Addressing 1.0]
2025-04-17T11:39:58.665-04:00  INFO 98002 --- [DentalClinic] [           main] c.d.d.DentalClinicApplicationTests       : Started DentalClinicApplicationTests in 1.395 seconds (process running for 1.747)
]]></system-out>
    <system-err><![CDATA[Mockito is currently self-attaching to enable the inline-mock-maker. This will no longer work in future releases of the JDK. Please add Mockito as an agent to your build what is described in Mockito's documentation: https://javadoc.io/doc/org.mockito/mockito-core/latest/org/mockito/Mockito.html#0.3
WARNING: A Java agent has been loaded dynamically (/Users/ziyifelixwang/.m2/repository/net/bytebuddy/byte-buddy-agent/1.15.11/byte-buddy-agent-1.15.11.jar)
WARNING: If a serviceability tool is in use, please run with -XX:+EnableDynamicAgentLoading to hide this warning
WARNING: If a serviceability tool is not in use, please run with -Djdk.instrument.traceUsage for more information
WARNING: Dynamic loading of agents will be disallowed by default in a future release
]]></system-err>
  </testcase>
</testsuite>